<?xml version="1.0" encoding="UTF-8"?>
<testng-results ignored="0" total="2" passed="2" failed="0" skipped="0">
  <reporter-output>
  </reporter-output>
  <suite started-at="2023-10-03T01:46:42Z" name="Suite" finished-at="2023-10-03T01:46:59Z" duration-ms="16707">
    <groups>
    </groups>
    <test started-at="2023-10-03T01:46:42Z" name="Test" finished-at="2023-10-03T01:46:59Z" duration-ms="16707">
      <class name="first.Project.ClassOne">
        <test-method signature="secondTEst()[pri:0, instance:first.Project.ClassOne@4690b489]" started-at="2023-10-02T21:46:42Z" name="secondTEst" finished-at="2023-10-02T21:46:42Z" duration-ms="26" status="PASS">
          <reporter-output>
          </reporter-output>
        </test-method> <!-- secondTEst -->
        <test-method signature="testNGdemo()[pri:0, instance:first.Project.ClassOne@4690b489]" started-at="2023-10-02T21:46:42Z" name="testNGdemo" finished-at="2023-10-02T21:46:59Z" duration-ms="16600" status="PASS">
          <reporter-output>
          </reporter-output>
        </test-method> <!-- testNGdemo -->
      </class> <!-- first.Project.ClassOne -->
    </test> <!-- Test -->
  </suite> <!-- Suite -->
</testng-results>
